<?xml version="1.0" encoding="UTF-8"?>
<!-- Generated by org.testng.reporters.JUnitReportReporter -->
<testsuite hostname="DESKTOP-IP80BGQ" failures="0" tests="3" name="com.crm.qa.testcases.LoginPageTest" time="65.364" errors="0" timestamp="2022-03-29T16:49:19 IST" skipped="0">
  <testcase classname="com.crm.qa.testcases.LoginPageTest" name="loginPageTitleTest" time="10.665"/>
  <system-out/>
  <testcase classname="com.crm.qa.testcases.LoginPageTest" name="crmLogoImageTest" time="23.136"/>
  <system-out/>
  <testcase classname="com.crm.qa.testcases.LoginPageTest" name="loginTest" time="31.563"/>
  <system-out/>
</testsuite> <!-- com.crm.qa.testcases.LoginPageTest -->
